<?xml version="1.0" encoding="UTF-8"?>
<testsuite name="sk.faktero.drivedetector.core.DistanceTest" tests="6" skipped="0" failures="0" errors="0" timestamp="2026-08-28T14:30:02.848Z" hostname="faktero" time="0.008">
  <properties/>
  <testcase name="jedinyBodNemaVzdialenost" classname="sk.faktero.drivedetector.core.DistanceTest" time="0.005"/>
  <testcase name="priemernaRychlostSaPocitaZTrasyACasu" classname="sk.faktero.drivedetector.core.DistanceTest" time="0.001"/>
  <testcase name="vzdialenostMedziDvomaBodmi" classname="sk.faktero.drivedetector.core.DistanceTest" time="0.0"/>
  <testcase name="priemernaRychlostBezTrvaniaJeNula" classname="sk.faktero.drivedetector.core.DistanceTest" time="0.001"/>
  <testcase name="rovnakyBodJeNulovaVzdialenost" classname="sk.faktero.drivedetector.core.DistanceTest" time="0.0"/>
  <testcase name="sucetTrasy" classname="sk.faktero.drivedetector.core.DistanceTest" time="0.0"/>
  <system-out><![CDATA[]]></system-out>
  <system-err><![CDATA[]]></system-err>
</testsuite>
