<?xml version="1.0" encoding="UTF-8"?>
<testsuite name="sk.faktero.drivedetector.core.DriveDetectionEngineTest" tests="24" skipped="0" failures="0" errors="0" timestamp="2026-08-28T14:30:02.860Z" hostname="faktero" time="0.011">
  <properties/>
  <testcase name="stojaceAutoBezMeraniSaTiezUkonci" classname="sk.faktero.drivedetector.core.DriveDetectionEngineTest" time="0.002"/>
  <testcase name="pohyboveSenzorySkracujuDrzaniePrahu" classname="sk.faktero.drivedetector.core.DriveDetectionEngineTest" time="0.0"/>
  <testcase name="mestskaJazdaSoSemaformiSaPotvrdi" classname="sk.faktero.drivedetector.core.DriveDetectionEngineTest" time="0.0"/>
  <testcase name="obnovenaJazdaPokracuje" classname="sk.faktero.drivedetector.core.DriveDetectionEngineTest" time="0.001"/>
  <testcase name="trasaMaVzdialenostAMaximalnuRychlost" classname="sk.faktero.drivedetector.core.DriveDetectionEngineTest" time="0.0"/>
  <testcase name="oknoDrziKymChodiaMeraniaNadPrahom" classname="sk.faktero.drivedetector.core.DriveDetectionEngineTest" time="0.0"/>
  <testcase name="kratkeZrychlenieJazduNespusti" classname="sk.faktero.drivedetector.core.DriveDetectionEngineTest" time="0.001"/>
  <testcase name="jazdaSaUkonciPoDlhomStati" classname="sk.faktero.drivedetector.core.DriveDetectionEngineTest" time="0.0"/>
  <testcase name="zaradenieJazduNeukonci" classname="sk.faktero.drivedetector.core.DriveDetectionEngineTest" time="0.001"/>
  <testcase name="rucneSpustenieNezacneDruhuJazdu" classname="sk.faktero.drivedetector.core.DriveDetectionEngineTest" time="0.0"/>
  <testcase name="prebudenieZapinaPresnuPolohuAPohyboveSenzory" classname="sk.faktero.drivedetector.core.DriveDetectionEngineTest" time="0.0"/>
  <testcase name="poZamietnutiSaDetekciaChvilkuNespusta" classname="sk.faktero.drivedetector.core.DriveDetectionEngineTest" time="0.0"/>
  <testcase name="jazdaSaPotvrdiPoDrzaniPrahu" classname="sk.faktero.drivedetector.core.DriveDetectionEngineTest" time="0.0"/>
  <testcase name="zamietnutieUzUkoncenejJazdyNastaviLenDebounce" classname="sk.faktero.drivedetector.core.DriveDetectionEngineTest" time="0.0"/>
  <testcase name="nepresneMeranieSaDoTrasyNedostane" classname="sk.faktero.drivedetector.core.DriveDetectionEngineTest" time="0.0"/>
  <testcase name="pocasJazdySaDruhaDetekciaNespusti" classname="sk.faktero.drivedetector.core.DriveDetectionEngineTest" time="0.001"/>
  <testcase name="pomalaJazdaVKolonePokracuje" classname="sk.faktero.drivedetector.core.DriveDetectionEngineTest" time="0.0"/>
  <testcase name="overovanieMaTvrdyStrop" classname="sk.faktero.drivedetector.core.DriveDetectionEngineTest" time="0.0"/>
  <testcase name="pohyboveSenzoryNepredlzujuKratsieNastavenie" classname="sk.faktero.drivedetector.core.DriveDetectionEngineTest" time="0.0"/>
  <testcase name="zapornaRychlostSeriuNepretrhne" classname="sk.faktero.drivedetector.core.DriveDetectionEngineTest" time="0.001"/>
  <testcase name="poDevatdesiatichSekundachSaOverovanieVzda" classname="sk.faktero.drivedetector.core.DriveDetectionEngineTest" time="0.0"/>
  <testcase name="zlaPresnostSeriuPretrhne" classname="sk.faktero.drivedetector.core.DriveDetectionEngineTest" time="0.0"/>
  <testcase name="dieraMedziMeraniamiSaDoCasuNadPrahomNepocita" classname="sk.faktero.drivedetector.core.DriveDetectionEngineTest" time="0.001"/>
  <testcase name="rucnaJazdaNemaNotifikaciuANekonciSama" classname="sk.faktero.drivedetector.core.DriveDetectionEngineTest" time="0.0"/>
  <system-out><![CDATA[]]></system-out>
  <system-err><![CDATA[]]></system-err>
</testsuite>
